<?xml version="1.0" encoding="UTF-8" standalone="yes"?>
<ns3:executeMatchUpdate xmlns:ns3="http://webservice.index.mdm.sun.com/">
    <callerInfo>
        <application>App</application>
        <applicationFunction>Function</applicationFunction>
        <authUser>XML</authUser>
    </callerInfo>
    <sysObjBean>
        <person>
            <fatherName>Dad</fatherName>
            <firstName>First</firstName>
            <gender>Male</gender>
        </person>
    </sysObjBean>
</ns3:executeMatchUpdate>
